<?xml version="1.0" encoding="UTF-8"?>
<testng-results ignored="0" total="1" passed="1" failed="0" skipped="0">
  <reporter-output>
  </reporter-output>
  <suite started-at="2023-03-30T16:52:33 IST" name="Default suite" finished-at="2023-03-30T16:52:45 IST" duration-ms="12311">
    <groups>
    </groups>
    <test started-at="2023-03-30T16:52:33 IST" name="Default test" finished-at="2023-03-30T16:52:45 IST" duration-ms="12311">
      <class name="test.simp.AppTest">
        <test-method is-config="true" signature="config()[pri:0, instance:test.simp.AppTest@6ae5aa72]" started-at="2023-03-30T16:52:33 IST" name="config" finished-at="2023-03-30T16:52:33 IST" duration-ms="7" status="PASS">
          <reporter-output>
          </reporter-output>
        </test-method> <!-- config -->
        <test-method signature="lauchapp()[pri:0, instance:test.simp.AppTest@6ae5aa72]" started-at="2023-03-30T16:52:33 IST" name="lauchapp" finished-at="2023-03-30T16:52:45 IST" duration-ms="12270" status="PASS">
          <reporter-output>
          </reporter-output>
        </test-method> <!-- lauchapp -->
      </class> <!-- test.simp.AppTest -->
    </test> <!-- Default test -->
  </suite> <!-- Default suite -->
</testng-results>
